Arguments: 
  /Users/jchao100/.nvm/versions/node/v13.3.0/bin/node /usr/local/Cellar/yarn/1.21.1/libexec/bin/yarn.js

PATH: 
  /Users/jchao100/.nvm/versions/node/v13.3.0/bin:/Library/Java/JavaVirtualMachines/adoptopenjdk-11.jdk/Contents/Home/bin:/usr/local/mysql/bin:/Users/jchao100/go/bin:/Users/jchao100/bin:/usr/local/bin:/usr/bin:/bin:/usr/sbin:/sbin:/Library/TeX/texbin:/usr/local/share/dotnet:~/.dotnet/tools:/Library/Frameworks/Mono.framework/Versions/Current/Commands:/Applications/Wireshark.app/Contents/MacOS:/Applications/Xamarin Workbooks.app/Contents/SharedSupport/path-bin:/Users/jchao100/.nvm/versions/node/v13.3.0/bin:/usr/local/anaconda3/bin:/usr/local/anaconda3/condabin:/Library/Java/JavaVirtualMachines/adoptopenjdk-11.jdk/Contents/Home/bin:/usr/local/mysql/bin:/Users/jchao100/go/bin:/Users/jchao100/bin:/Users/jchao100/EAP-6.4.0/bin:/Users/jchao100/EAP-6.4.0/bin

Yarn version: 
  1.21.1

Node version: 
  13.3.0

Platform: 
  darwin x64

Trace: 
  Error: unable to get local issuer certificate
      at TLSSocket.onConnectSecure (_tls_wrap.js:1349:34)
      at TLSSocket.emit (events.js:219:5)
      at TLSSocket._finishInit (_tls_wrap.js:822:8)
      at TLSWrap.ssl.onhandshakedone (_tls_wrap.js:618:12)

npm manifest: 
  {
    "name": "devops_reveal.js",
    "version": "1.0.0",
    "description": "DevOps Presentation",
    "homepage": "http://revealjs.com",
    "subdomain": "revealjs",
    "main": "js/reveal.js",
    "scripts": {
      "test": "grunt test",
      "start": "grunt serve",
      "build": "grunt"
    },
    "author": {
      "name": "Justin Chao",
      "email": "justin.chao@optum.com"
    },
    "repository": {
      "type": "git",
      "url": "https://github.optum.com/team-cumulus/devops_workshops.git"
    },
    "engines": {
      "node": ">=9.0.0"
    },
    "devDependencies": {
      "express": "^4.16.2",
      "grunt": "^1.0.4",
      "grunt-autoprefixer": "^3.0.4",
      "grunt-cli": "^1.3.2",
      "grunt-contrib-connect": "^2.0.0",
      "grunt-contrib-cssmin": "^3.0.0",
      "grunt-contrib-jshint": "^2.0.0",
      "grunt-contrib-qunit": "^3.1.0",
      "grunt-contrib-uglify": "^3.3.0",
      "grunt-contrib-watch": "^1.1.0",
      "grunt-sass": "^3.0.2",
      "grunt-zip": "~0.17.1",
      "load-grunt-tasks": "^4.0.0",
      "mustache": "^2.3.0",
      "node-sass": "4.12.0",
      "socket.io": "^2.2.0"
    },
    "license": "MIT",
    "dependencies": {
      "reveal_external": "^1.3.0",
      "reveald3": "^1.5.4"
    }
  }

yarn manifest: 
  No manifest

Lockfile: 
  No lockfile
